<?xml version="1.0" encoding="UTF-8"?>
<!-- Generated by org.testng.reporters.JUnitXMLReporter -->
<testsuite ignored="0" hostname="DESKTOP-JTO60IK" failures="0" tests="15" name="ChromeTest" time="0.61" errors="0" timestamp="2025-06-01T20:33:30 IST">
  <testcase classname="TestBase.BaseTest" name="@BeforeClass intialization" time="-1.748790209586E9">
    <failure type="org.testng.TestNGException" message="
Can inject only one of &amp;lt;ITestContext, XmlTest&amp;gt; into a @BeforeClass annotated intialization.
For more information on native dependency injection please refer to https://testng.org/#_dependency_injection">
      <![CDATA[org.testng.TestNGException: 
Can inject only one of <ITestContext, XmlTest> into a @BeforeClass annotated intialization.
For more information on native dependency injection please refer to https://testng.org/#_dependency_injection
at java.base/java.util.ArrayList.forEach(ArrayList.java:1596)
... Removed 22 stack frames]]>
    </failure>
  </testcase> <!-- @BeforeClass intialization -->
  <testcase classname="TestBase.BaseTest" name="@AfterClass terminate" time="0.0">
    <skipped/>
  </testcase> <!-- @AfterClass terminate -->
  <testcase classname="TestBase.BaseTest" name="@BeforeClass intialization" time="-1.748790209747E9">
    <failure type="org.testng.TestNGException" message="
Can inject only one of &amp;lt;ITestContext, XmlTest&amp;gt; into a @BeforeClass annotated intialization.
For more information on native dependency injection please refer to https://testng.org/#_dependency_injection">
      <![CDATA[org.testng.TestNGException: 
Can inject only one of <ITestContext, XmlTest> into a @BeforeClass annotated intialization.
For more information on native dependency injection please refer to https://testng.org/#_dependency_injection
at java.base/java.util.ArrayList.forEach(ArrayList.java:1596)
... Removed 22 stack frames]]>
    </failure>
  </testcase> <!-- @BeforeClass intialization -->
  <testcase classname="Tests.PersonalDetailsTest" name="@BeforeClass loginToApplication" time="0.0">
    <skipped/>
  </testcase> <!-- @BeforeClass loginToApplication -->
  <testcase classname="TestBase.BaseTest" name="@AfterClass terminate" time="0.0">
    <skipped/>
  </testcase> <!-- @AfterClass terminate -->
  <testcase classname="TestBase.BaseTest" name="@BeforeClass intialization" time="-1.748790209863E9">
    <failure type="org.testng.TestNGException" message="
Can inject only one of &amp;lt;ITestContext, XmlTest&amp;gt; into a @BeforeClass annotated intialization.
For more information on native dependency injection please refer to https://testng.org/#_dependency_injection">
      <![CDATA[org.testng.TestNGException: 
Can inject only one of <ITestContext, XmlTest> into a @BeforeClass annotated intialization.
For more information on native dependency injection please refer to https://testng.org/#_dependency_injection
at java.base/java.util.ArrayList.forEach(ArrayList.java:1596)
... Removed 22 stack frames]]>
    </failure>
  </testcase> <!-- @BeforeClass intialization -->
  <testcase classname="Tests.PhotographTest" name="@BeforeClass loginToApplication" time="0.0">
    <skipped/>
  </testcase> <!-- @BeforeClass loginToApplication -->
  <testcase classname="TestBase.BaseTest" name="@AfterClass terminate" time="0.0">
    <skipped/>
  </testcase> <!-- @AfterClass terminate -->
  <testcase classname="TestBase.BaseTest" name="@BeforeClass intialization" time="-1.748790210023E9">
    <failure type="org.testng.TestNGException" message="
Can inject only one of &amp;lt;ITestContext, XmlTest&amp;gt; into a @BeforeClass annotated intialization.
For more information on native dependency injection please refer to https://testng.org/#_dependency_injection">
      <![CDATA[org.testng.TestNGException: 
Can inject only one of <ITestContext, XmlTest> into a @BeforeClass annotated intialization.
For more information on native dependency injection please refer to https://testng.org/#_dependency_injection
at java.base/java.util.ArrayList.forEach(ArrayList.java:1596)
... Removed 22 stack frames]]>
    </failure>
  </testcase> <!-- @BeforeClass intialization -->
  <testcase classname="Tests.LogoutTest" name="@BeforeClass loginToApplication" time="0.0">
    <skipped/>
  </testcase> <!-- @BeforeClass loginToApplication -->
  <testcase classname="TestBase.BaseTest" name="@AfterClass terminate" time="0.0">
    <skipped/>
  </testcase> <!-- @AfterClass terminate -->
  <testcase classname="Tests.LoginTest" name="testloginWithInvalidCredentials" time="0.0">
    <skipped/>
  </testcase> <!-- testloginWithInvalidCredentials -->
  <testcase classname="Tests.LoginTest" name="testLoginWithInvalidPassword" time="0.0">
    <skipped/>
  </testcase> <!-- testLoginWithInvalidPassword -->
  <testcase classname="Tests.LoginTest" name="testLoginWithInvalidUserName" time="0.001">
    <skipped/>
  </testcase> <!-- testLoginWithInvalidUserName -->
  <testcase classname="Tests.LoginTest" name="testloginWithValidCredentials" time="0.001">
    <skipped/>
  </testcase> <!-- testloginWithValidCredentials -->
  <testcase classname="Tests.PersonalDetailsTest" name="PersonalDetailFieldsAreEditable" time="0.0">
    <skipped/>
  </testcase> <!-- PersonalDetailFieldsAreEditable -->
  <testcase classname="Tests.PersonalDetailsTest" name="UpdatePersonalDetails" time="0.001">
    <skipped/>
  </testcase> <!-- UpdatePersonalDetails -->
  <testcase classname="Tests.PersonalDetailsTest" name="UploadAttachment" time="0.0">
    <skipped/>
  </testcase> <!-- UploadAttachment -->
  <testcase classname="Tests.PersonalDetailsTest" name="DownloadAttachment" time="0.001">
    <skipped/>
  </testcase> <!-- DownloadAttachment -->
  <testcase classname="Tests.PersonalDetailsTest" name="DeleteAttachment" time="0.0">
    <skipped/>
  </testcase> <!-- DeleteAttachment -->
  <testcase classname="Tests.PhotographTest" name="testProfilePictureUploadWithUnsupportedFormat" time="0.0">
    <skipped/>
  </testcase> <!-- testProfilePictureUploadWithUnsupportedFormat -->
  <testcase classname="Tests.PhotographTest" name="testProfilePictureUploadWithExceededSize" time="0.0">
    <skipped/>
  </testcase> <!-- testProfilePictureUploadWithExceededSize -->
  <testcase classname="Tests.PhotographTest" name="testProfilePictureUpload" time="0.0">
    <skipped/>
  </testcase> <!-- testProfilePictureUpload -->
  <testcase classname="Tests.PhotographTest" name="testProfilePicturePersistsAfterRelogin" time="0.0">
    <skipped/>
  </testcase> <!-- testProfilePicturePersistsAfterRelogin -->
  <testcase classname="Tests.LogoutTest" name="verifyLogoutButtonVisibility" time="0.0">
    <skipped/>
  </testcase> <!-- verifyLogoutButtonVisibility -->
  <testcase classname="Tests.LogoutTest" name="logoutfromApplication" time="0.0">
    <skipped/>
  </testcase> <!-- logoutfromApplication -->
</testsuite> <!-- ChromeTest -->
