<?xml version="1.0" encoding="UTF-8"?>
<!-- Generated by org.testng.reporters.JUnitXMLReporter -->
<testsuite ignored="0" hostname="DESKTOP-JTO60IK" failures="2" tests="13" name="Test" time="250.61" errors="0" timestamp="2025-06-04T17:05:18 IST">
  <testcase classname="Tests.LoginTest" name="testloginWithInvalidCredentials" time="3.506"/>
  <testcase classname="Tests.LoginTest" name="testLoginWithInvalidPassword" time="2.452">
    <failure type="java.lang.AssertionError" message="Login should fail with invalid password expected [true] but found [false]">
      <![CDATA[java.lang.AssertionError: Login should fail with invalid password expected [true] but found [false]
at Tests.LoginTest.testLoginWithInvalidPassword(LoginTest.java:23)
at java.base/java.util.ArrayList.forEach(ArrayList.java:1596)
... Removed 28 stack frames]]>
    </failure>
  </testcase> <!-- testLoginWithInvalidPassword -->
  <testcase classname="Tests.LoginTest" name="testLoginWithInvalidUserName" time="2.558"/>
  <testcase classname="Tests.LoginTest" name="testloginWithValidCredentials" time="2.444"/>
  <testcase classname="Tests.PersonalDetailsTest" name="PersonalDetailFieldsAreEditable" time="8.35"/>
  <testcase classname="Tests.PersonalDetailsTest" name="UpdatePersonalDetails" time="35.96">
    <failure type="java.lang.AssertionError" message="The following asserts failed:
	First name update failed. expected [B] but found [VattaB]">
      <![CDATA[java.lang.AssertionError: The following asserts failed:
First name update failed. expected [B] but found [VattaB]
at Tests.PersonalDetailsTest.UpdatePersonalDetails(PersonalDetailsTest.java:53)
at java.base/java.util.ArrayList.forEach(ArrayList.java:1596)
... Removed 27 stack frames]]>
    </failure>
  </testcase> <!-- UpdatePersonalDetails -->
  <testcase classname="Tests.PersonalDetailsTest" name="UploadAttachment" time="38.329"/>
  <testcase classname="Tests.PersonalDetailsTest" name="DownloadAttachment" time="6.266"/>
  <testcase classname="Tests.PersonalDetailsTest" name="DeleteAttachment" time="10.23"/>
  <testcase classname="Tests.PhotographTest" name="testProfilePictureUploadWithUnsupportedFormat" time="16.245"/>
  <testcase classname="Tests.PhotographTest" name="testProfilePictureUploadWithExceededSize" time="16.783"/>
  <testcase classname="Tests.PhotographTest" name="testProfilePictureUpload" time="24.129"/>
  <testcase classname="Tests.PhotographTest" name="testProfilePicturePersistsAfterRelogin" time="16.189"/>
</testsuite> <!-- Test -->
