<?xml version="1.0" encoding="UTF-8"?>
<!-- Generated by org.testng.reporters.JUnitXMLReporter -->
<testsuite ignored="0" hostname="DESKTOP-JTO60IK" failures="0" tests="13" name="Test" time="7.602" errors="0" timestamp="2025-06-04T15:21:32 IST">
  <testcase classname="TestBase.BaseTest" name="@BeforeClass intialization" time="4.179">
    <failure type="org.openqa.selenium.SessionNotCreatedException" message="Could not start a new session. Response code 500. Message: session not created: This version of ChromeDriver only supports Chrome version 135
Current browser version is 137.0.7151.56 with binary path C:\Users\admin\AppData\Local\Google\Chrome\Application\chrome.exe 
Host info: host: &amp;apos;DESKTOP-JTO60IK&amp;apos;, ip: &amp;apos;192.168.1.65&amp;apos;
Build info: version: &amp;apos;4.31.0&amp;apos;, revision: &amp;apos;1ef9f18787*&amp;apos;
System info: os.name: &amp;apos;Windows 10&amp;apos;, os.arch: &amp;apos;amd64&amp;apos;, os.version: &amp;apos;10.0&amp;apos;, java.version: &amp;apos;21.0.7&amp;apos;
Driver info: org.openqa.selenium.chrome.ChromeDriver
Command: [null, newSession {capabilities=[Capabilities {browserName: chrome, goog:chromeOptions: {args: [], binary: C:\Users\admin\AppData\Loca..., extensions: []}}]}]">
      <![CDATA[org.openqa.selenium.SessionNotCreatedException: Could not start a new session. Response code 500. Message: session not created: This version of ChromeDriver only supports Chrome version 135
Current browser version is 137.0.7151.56 with binary path C:\Users\admin\AppData\Local\Google\Chrome\Application\chrome.exe 
Host info: host: 'DESKTOP-JTO60IK', ip: '192.168.1.65'
Build info: version: '4.31.0', revision: '1ef9f18787*'
System info: os.name: 'Windows 10', os.arch: 'amd64', os.version: '10.0', java.version: '21.0.7'
Driver info: org.openqa.selenium.chrome.ChromeDriver
Command: [null, newSession {capabilities=[Capabilities {browserName: chrome, goog:chromeOptions: {args: [], binary: C:\Users\admin\AppData\Loca..., extensions: []}}]}]
at org.openqa.selenium.remote.ProtocolHandshake.createSession(ProtocolHandshake.java:114)
at org.openqa.selenium.remote.ProtocolHandshake.createSession(ProtocolHandshake.java:75)
at org.openqa.selenium.remote.ProtocolHandshake.createSession(ProtocolHandshake.java:61)
at org.openqa.selenium.remote.HttpCommandExecutor.execute(HttpCommandExecutor.java:187)
at org.openqa.selenium.remote.service.DriverCommandExecutor.invokeExecute(DriverCommandExecutor.java:216)
at org.openqa.selenium.remote.service.DriverCommandExecutor.execute(DriverCommandExecutor.java:174)
at org.openqa.selenium.remote.RemoteWebDriver.execute(RemoteWebDriver.java:545)
at org.openqa.selenium.remote.RemoteWebDriver.startSession(RemoteWebDriver.java:245)
at org.openqa.selenium.remote.RemoteWebDriver.<init>(RemoteWebDriver.java:174)
at org.openqa.selenium.chromium.ChromiumDriver.<init>(ChromiumDriver.java:110)
at org.openqa.selenium.chrome.ChromeDriver.<init>(ChromeDriver.java:88)
at org.openqa.selenium.chrome.ChromeDriver.<init>(ChromeDriver.java:83)
at org.openqa.selenium.chrome.ChromeDriver.<init>(ChromeDriver.java:51)
at TestBase.BaseTest.intialization(BaseTest.java:26)
at java.base/java.util.ArrayList.forEach(ArrayList.java:1596)
... Removed 23 stack frames]]>
    </failure>
  </testcase> <!-- @BeforeClass intialization -->
  <testcase classname="TestBase.BaseTest" name="@AfterClass terminate" time="0.0">
    <skipped/>
  </testcase> <!-- @AfterClass terminate -->
  <testcase classname="TestBase.BaseTest" name="@BeforeClass intialization" time="1.429">
    <failure type="org.openqa.selenium.SessionNotCreatedException" message="Could not start a new session. Response code 500. Message: session not created: This version of ChromeDriver only supports Chrome version 135
Current browser version is 137.0.7151.56 with binary path C:\Users\admin\AppData\Local\Google\Chrome\Application\chrome.exe 
Host info: host: &amp;apos;DESKTOP-JTO60IK&amp;apos;, ip: &amp;apos;192.168.1.65&amp;apos;
Build info: version: &amp;apos;4.31.0&amp;apos;, revision: &amp;apos;1ef9f18787*&amp;apos;
System info: os.name: &amp;apos;Windows 10&amp;apos;, os.arch: &amp;apos;amd64&amp;apos;, os.version: &amp;apos;10.0&amp;apos;, java.version: &amp;apos;21.0.7&amp;apos;
Driver info: org.openqa.selenium.chrome.ChromeDriver
Command: [null, newSession {capabilities=[Capabilities {browserName: chrome, goog:chromeOptions: {args: [], binary: C:\Users\admin\AppData\Loca..., extensions: []}}]}]">
      <![CDATA[org.openqa.selenium.SessionNotCreatedException: Could not start a new session. Response code 500. Message: session not created: This version of ChromeDriver only supports Chrome version 135
Current browser version is 137.0.7151.56 with binary path C:\Users\admin\AppData\Local\Google\Chrome\Application\chrome.exe 
Host info: host: 'DESKTOP-JTO60IK', ip: '192.168.1.65'
Build info: version: '4.31.0', revision: '1ef9f18787*'
System info: os.name: 'Windows 10', os.arch: 'amd64', os.version: '10.0', java.version: '21.0.7'
Driver info: org.openqa.selenium.chrome.ChromeDriver
Command: [null, newSession {capabilities=[Capabilities {browserName: chrome, goog:chromeOptions: {args: [], binary: C:\Users\admin\AppData\Loca..., extensions: []}}]}]
at org.openqa.selenium.remote.ProtocolHandshake.createSession(ProtocolHandshake.java:114)
at org.openqa.selenium.remote.ProtocolHandshake.createSession(ProtocolHandshake.java:75)
at org.openqa.selenium.remote.ProtocolHandshake.createSession(ProtocolHandshake.java:61)
at org.openqa.selenium.remote.HttpCommandExecutor.execute(HttpCommandExecutor.java:187)
at org.openqa.selenium.remote.service.DriverCommandExecutor.invokeExecute(DriverCommandExecutor.java:216)
at org.openqa.selenium.remote.service.DriverCommandExecutor.execute(DriverCommandExecutor.java:174)
at org.openqa.selenium.remote.RemoteWebDriver.execute(RemoteWebDriver.java:545)
at org.openqa.selenium.remote.RemoteWebDriver.startSession(RemoteWebDriver.java:245)
at org.openqa.selenium.remote.RemoteWebDriver.<init>(RemoteWebDriver.java:174)
at org.openqa.selenium.chromium.ChromiumDriver.<init>(ChromiumDriver.java:110)
at org.openqa.selenium.chrome.ChromeDriver.<init>(ChromeDriver.java:88)
at org.openqa.selenium.chrome.ChromeDriver.<init>(ChromeDriver.java:83)
at org.openqa.selenium.chrome.ChromeDriver.<init>(ChromeDriver.java:51)
at TestBase.BaseTest.intialization(BaseTest.java:26)
at java.base/java.util.ArrayList.forEach(ArrayList.java:1596)
... Removed 23 stack frames]]>
    </failure>
  </testcase> <!-- @BeforeClass intialization -->
  <testcase classname="Tests.PersonalDetailsTest" name="@BeforeClass loginToApplication" time="0.0">
    <skipped/>
  </testcase> <!-- @BeforeClass loginToApplication -->
  <testcase classname="TestBase.BaseTest" name="@AfterClass terminate" time="0.0">
    <skipped/>
  </testcase> <!-- @AfterClass terminate -->
  <testcase classname="TestBase.BaseTest" name="@BeforeClass intialization" time="1.644">
    <failure type="org.openqa.selenium.SessionNotCreatedException" message="Could not start a new session. Response code 500. Message: session not created: This version of ChromeDriver only supports Chrome version 135
Current browser version is 137.0.7151.56 with binary path C:\Users\admin\AppData\Local\Google\Chrome\Application\chrome.exe 
Host info: host: &amp;apos;DESKTOP-JTO60IK&amp;apos;, ip: &amp;apos;192.168.1.65&amp;apos;
Build info: version: &amp;apos;4.31.0&amp;apos;, revision: &amp;apos;1ef9f18787*&amp;apos;
System info: os.name: &amp;apos;Windows 10&amp;apos;, os.arch: &amp;apos;amd64&amp;apos;, os.version: &amp;apos;10.0&amp;apos;, java.version: &amp;apos;21.0.7&amp;apos;
Driver info: org.openqa.selenium.chrome.ChromeDriver
Command: [null, newSession {capabilities=[Capabilities {browserName: chrome, goog:chromeOptions: {args: [], binary: C:\Users\admin\AppData\Loca..., extensions: []}}]}]">
      <![CDATA[org.openqa.selenium.SessionNotCreatedException: Could not start a new session. Response code 500. Message: session not created: This version of ChromeDriver only supports Chrome version 135
Current browser version is 137.0.7151.56 with binary path C:\Users\admin\AppData\Local\Google\Chrome\Application\chrome.exe 
Host info: host: 'DESKTOP-JTO60IK', ip: '192.168.1.65'
Build info: version: '4.31.0', revision: '1ef9f18787*'
System info: os.name: 'Windows 10', os.arch: 'amd64', os.version: '10.0', java.version: '21.0.7'
Driver info: org.openqa.selenium.chrome.ChromeDriver
Command: [null, newSession {capabilities=[Capabilities {browserName: chrome, goog:chromeOptions: {args: [], binary: C:\Users\admin\AppData\Loca..., extensions: []}}]}]
at org.openqa.selenium.remote.ProtocolHandshake.createSession(ProtocolHandshake.java:114)
at org.openqa.selenium.remote.ProtocolHandshake.createSession(ProtocolHandshake.java:75)
at org.openqa.selenium.remote.ProtocolHandshake.createSession(ProtocolHandshake.java:61)
at org.openqa.selenium.remote.HttpCommandExecutor.execute(HttpCommandExecutor.java:187)
at org.openqa.selenium.remote.service.DriverCommandExecutor.invokeExecute(DriverCommandExecutor.java:216)
at org.openqa.selenium.remote.service.DriverCommandExecutor.execute(DriverCommandExecutor.java:174)
at org.openqa.selenium.remote.RemoteWebDriver.execute(RemoteWebDriver.java:545)
at org.openqa.selenium.remote.RemoteWebDriver.startSession(RemoteWebDriver.java:245)
at org.openqa.selenium.remote.RemoteWebDriver.<init>(RemoteWebDriver.java:174)
at org.openqa.selenium.chromium.ChromiumDriver.<init>(ChromiumDriver.java:110)
at org.openqa.selenium.chrome.ChromeDriver.<init>(ChromeDriver.java:88)
at org.openqa.selenium.chrome.ChromeDriver.<init>(ChromeDriver.java:83)
at org.openqa.selenium.chrome.ChromeDriver.<init>(ChromeDriver.java:51)
at TestBase.BaseTest.intialization(BaseTest.java:26)
at java.base/java.util.ArrayList.forEach(ArrayList.java:1596)
... Removed 23 stack frames]]>
    </failure>
  </testcase> <!-- @BeforeClass intialization -->
  <testcase classname="Tests.PhotographTest" name="@BeforeClass loginToApplication" time="0.0">
    <skipped/>
  </testcase> <!-- @BeforeClass loginToApplication -->
  <testcase classname="TestBase.BaseTest" name="@AfterClass terminate" time="0.0">
    <skipped/>
  </testcase> <!-- @AfterClass terminate -->
  <testcase classname="Tests.LoginTest" name="testloginWithInvalidCredentials" time="0.0">
    <skipped/>
  </testcase> <!-- testloginWithInvalidCredentials -->
  <testcase classname="Tests.LoginTest" name="testLoginWithInvalidPassword" time="0.0">
    <skipped/>
  </testcase> <!-- testLoginWithInvalidPassword -->
  <testcase classname="Tests.LoginTest" name="testLoginWithInvalidUserName" time="0.0">
    <skipped/>
  </testcase> <!-- testLoginWithInvalidUserName -->
  <testcase classname="Tests.LoginTest" name="testloginWithValidCredentials" time="0.001">
    <skipped/>
  </testcase> <!-- testloginWithValidCredentials -->
  <testcase classname="Tests.PersonalDetailsTest" name="PersonalDetailFieldsAreEditable" time="0.0">
    <skipped/>
  </testcase> <!-- PersonalDetailFieldsAreEditable -->
  <testcase classname="Tests.PersonalDetailsTest" name="UpdatePersonalDetails" time="0.0">
    <skipped/>
  </testcase> <!-- UpdatePersonalDetails -->
  <testcase classname="Tests.PersonalDetailsTest" name="UploadAttachment" time="0.0">
    <skipped/>
  </testcase> <!-- UploadAttachment -->
  <testcase classname="Tests.PersonalDetailsTest" name="DownloadAttachment" time="0.0">
    <skipped/>
  </testcase> <!-- DownloadAttachment -->
  <testcase classname="Tests.PersonalDetailsTest" name="DeleteAttachment" time="0.0">
    <skipped/>
  </testcase> <!-- DeleteAttachment -->
  <testcase classname="Tests.PhotographTest" name="testProfilePictureUploadWithUnsupportedFormat" time="0.0">
    <skipped/>
  </testcase> <!-- testProfilePictureUploadWithUnsupportedFormat -->
  <testcase classname="Tests.PhotographTest" name="testProfilePictureUploadWithExceededSize" time="0.0">
    <skipped/>
  </testcase> <!-- testProfilePictureUploadWithExceededSize -->
  <testcase classname="Tests.PhotographTest" name="testProfilePictureUpload" time="0.0">
    <skipped/>
  </testcase> <!-- testProfilePictureUpload -->
  <testcase classname="Tests.PhotographTest" name="testProfilePicturePersistsAfterRelogin" time="0.0">
    <skipped/>
  </testcase> <!-- testProfilePicturePersistsAfterRelogin -->
</testsuite> <!-- Test -->
